This is pdfTeX, Version 3.14159265-2.6-1.40.21 (TeX Live 2020) (preloaded format=pdflatex 2020.11.1)  29 MAR 2021 03:46
entering extended mode
 \write18 enabled.
 %&-line parsing enabled.
**paper.tex
(./paper.tex
LaTeX2e <2020-02-02> patch level 5
L3 programming layer <2020-03-06> (/usr/local/texlive/2020/texmf-dist/tex/latex
/base/article.cls
Document Class: article 2019/12/20 v1.4l Standard LaTeX document class
(/usr/local/texlive/2020/texmf-dist/tex/latex/base/size10.clo
File: size10.clo 2019/12/20 v1.4l Standard LaTeX file (size option)
)
\c@part=\count167
\c@section=\count168
\c@subsection=\count169
\c@subsubsection=\count170
\c@paragraph=\count171
\c@subparagraph=\count172
\c@figure=\count173
\c@table=\count174
\abovecaptionskip=\skip47
\belowcaptionskip=\skip48
\bibindent=\dimen134
) (/usr/local/texlive/2020/texmf-dist/tex/latex/amsmath/amsmath.sty
Package: amsmath 2020/01/20 v2.17e AMS math features
\@mathmargin=\skip49
For additional information on amsmath, use the `?' option.
(/usr/local/texlive/2020/texmf-dist/tex/latex/amsmath/amstext.sty
Package: amstext 2000/06/29 v2.01 AMS text
(/usr/local/texlive/2020/texmf-dist/tex/latex/amsmath/amsgen.sty
File: amsgen.sty 1999/11/30 v2.0 generic functions
\@emptytoks=\toks15
\ex@=\dimen135
)) (/usr/local/texlive/2020/texmf-dist/tex/latex/amsmath/amsbsy.sty
Package: amsbsy 1999/11/29 v1.2d Bold Symbols
\pmbraise@=\dimen136
) (/usr/local/texlive/2020/texmf-dist/tex/latex/amsmath/amsopn.sty
Package: amsopn 2016/03/08 v2.02 operator names
)
\inf@bad=\count175
LaTeX Info: Redefining \frac on input line 227.
\uproot@=\count176
\leftroot@=\count177
LaTeX Info: Redefining \overline on input line 389.
\classnum@=\count178
\DOTSCASE@=\count179
LaTeX Info: Redefining \ldots on input line 486.
LaTeX Info: Redefining \dots on input line 489.
LaTeX Info: Redefining \cdots on input line 610.
\Mathstrutbox@=\box45
\strutbox@=\box46
\big@size=\dimen137
LaTeX Font Info:    Redeclaring font encoding OML on input line 733.
LaTeX Font Info:    Redeclaring font encoding OMS on input line 734.
\macc@depth=\count180
\c@MaxMatrixCols=\count181
\dotsspace@=\muskip16
\c@parentequation=\count182
\dspbrk@lvl=\count183
\tag@help=\toks16
\row@=\count184
\column@=\count185
\maxfields@=\count186
\andhelp@=\toks17
\eqnshift@=\dimen138
\alignsep@=\dimen139
\tagshift@=\dimen140
\tagwidth@=\dimen141
\totwidth@=\dimen142
\lineht@=\dimen143
\@envbody=\toks18
\multlinegap=\skip50
\multlinetaggap=\skip51
\mathdisplay@stack=\toks19
LaTeX Info: Redefining \[ on input line 2859.
LaTeX Info: Redefining \] on input line 2860.
) (/usr/local/texlive/2020/texmf-dist/tex/latex/amsfonts/amsfonts.sty
Package: amsfonts 2013/01/14 v3.01 Basic AMSFonts support
\symAMSa=\mathgroup4
\symAMSb=\mathgroup5
LaTeX Font Info:    Redeclaring math symbol \hbar on input line 98.
LaTeX Font Info:    Overwriting math alphabet `\mathfrak' in version `bold'
(Font)                  U/euf/m/n --> U/euf/b/n on input line 106.
) (/usr/local/texlive/2020/texmf-dist/tex/latex/amscls/amsthm.sty
Package: amsthm 2017/10/31 v2.20.4
\thm@style=\toks20
\thm@bodyfont=\toks21
\thm@headfont=\toks22
\thm@notefont=\toks23
\thm@headpunct=\toks24
\thm@preskip=\skip52
\thm@postskip=\skip53
\thm@headsep=\skip54
\dth@everypar=\toks25
) (/usr/local/texlive/2020/texmf-dist/tex/latex/setspace/setspace.sty
Package: setspace 2011/12/19 v6.7a set line spacing
) (/usr/local/texlive/2020/texmf-dist/tex/latex/multirow/multirow.sty
Package: multirow 2019/05/31 v2.5 Span multiple rows of a table
\multirow@colwidth=\skip55
\multirow@cntb=\count187
\multirow@dima=\skip56
\bigstrutjot=\dimen144
) (/usr/local/texlive/2020/texmf-dist/tex/latex/graphics/graphicx.sty
Package: graphicx 2019/11/30 v1.2a Enhanced LaTeX Graphics (DPC,SPQR)
(/usr/local/texlive/2020/texmf-dist/tex/latex/graphics/keyval.sty
Package: keyval 2014/10/28 v1.15 key=value parser (DPC)
\KV@toks@=\toks26
) (/usr/local/texlive/2020/texmf-dist/tex/latex/graphics/graphics.sty
Package: graphics 2019/11/30 v1.4a Standard LaTeX Graphics (DPC,SPQR)
(/usr/local/texlive/2020/texmf-dist/tex/latex/graphics/trig.sty
Package: trig 2016/01/03 v1.10 sin cos tan (DPC)
) (/usr/local/texlive/2020/texmf-dist/tex/latex/graphics-cfg/graphics.cfg
File: graphics.cfg 2016/06/04 v1.11 sample graphics configuration
)
Package graphics Info: Driver file: pdftex.def on input line 105.
(/usr/local/texlive/2020/texmf-dist/tex/latex/graphics-def/pdftex.def
File: pdftex.def 2018/01/08 v1.0l Graphics/color driver for pdftex
))
\Gin@req@height=\dimen145
\Gin@req@width=\dimen146
) (/usr/local/texlive/2020/texmf-dist/tex/latex/caption/caption.sty
Package: caption 2020/01/03 v3.4h Customizing captions (AR)
(/usr/local/texlive/2020/texmf-dist/tex/latex/caption/caption3.sty
Package: caption3 2020/01/03 v1.8h caption3 kernel (AR)
Package caption3 Info: TeX engine: e-TeX on input line 61.
\captionmargin=\dimen147
\captionmargin@=\dimen148
\captionwidth=\dimen149
\caption@tempdima=\dimen150
\caption@indent=\dimen151
\caption@parindent=\dimen152
\caption@hangindent=\dimen153
Package caption Info: Standard document class detected.
)
\c@caption@flags=\count188
\c@continuedfloat=\count189
) (/usr/local/texlive/2020/texmf-dist/tex/latex/caption/subcaption.sty
Package: subcaption 2020/01/22 v1.3d Sub-captions (AR)
\c@subfigure=\count190
\c@subtable=\count191
)
(/usr/local/texlive/2020/texmf-dist/tex/latex/threeparttable/threeparttable.sty
Package: threeparttable 2003/06/13  v 3.0
\@tempboxb=\box47
) (/usr/local/texlive/2020/texmf-dist/tex/latex/float/float.sty
Package: float 2001/11/08 v1.3d Float enhancements (AL)
\c@float@type=\count192
\float@exts=\toks27
\float@box=\box48
\@float@everytoks=\toks28
\@floatcapt=\box49
) (/usr/local/texlive/2020/texmf-dist/tex/latex/appendix/appendix.sty
Package: appendix 2020/02/08 v1.2c extra appendix facilities
\c@@pps=\count193
\c@@ppsavesec=\count194
\c@@ppsaveapp=\count195
) (/usr/local/texlive/2020/texmf-dist/tex/latex/hyperref/hyperref.sty
Package: hyperref 2020/01/14 v7.00d Hypertext links for LaTeX
(/usr/local/texlive/2020/texmf-dist/tex/generic/ltxcmds/ltxcmds.sty
Package: ltxcmds 2019/12/15 v1.24 LaTeX kernel commands for general use (HO)
) (/usr/local/texlive/2020/texmf-dist/tex/generic/iftex/iftex.sty
Package: iftex 2020/03/06 v1.0d TeX engine tests
) (/usr/local/texlive/2020/texmf-dist/tex/latex/pdftexcmds/pdftexcmds.sty
Package: pdftexcmds 2019/11/24 v0.31 Utility functions of pdfTeX for LuaTeX (HO
)
(/usr/local/texlive/2020/texmf-dist/tex/generic/infwarerr/infwarerr.sty
Package: infwarerr 2019/12/03 v1.5 Providing info/warning/error messages (HO)
)
Package pdftexcmds Info: \pdf@primitive is available.
Package pdftexcmds Info: \pdf@ifprimitive is available.
Package pdftexcmds Info: \pdfdraftmode found.
) (/usr/local/texlive/2020/texmf-dist/tex/generic/kvsetkeys/kvsetkeys.sty
Package: kvsetkeys 2019/12/15 v1.18 Key value parser (HO)
) (/usr/local/texlive/2020/texmf-dist/tex/generic/kvdefinekeys/kvdefinekeys.sty
Package: kvdefinekeys 2019-12-19 v1.6 Define keys (HO)
) (/usr/local/texlive/2020/texmf-dist/tex/generic/pdfescape/pdfescape.sty
Package: pdfescape 2019/12/09 v1.15 Implements pdfTeX's escape features (HO)
) (/usr/local/texlive/2020/texmf-dist/tex/latex/hycolor/hycolor.sty
Package: hycolor 2020-01-27 v1.10 Color options for hyperref/bookmark (HO)
) (/usr/local/texlive/2020/texmf-dist/tex/latex/letltxmacro/letltxmacro.sty
Package: letltxmacro 2019/12/03 v1.6 Let assignment for LaTeX macros (HO)
) (/usr/local/texlive/2020/texmf-dist/tex/latex/auxhook/auxhook.sty
Package: auxhook 2019-12-17 v1.6 Hooks for auxiliary files (HO)
) (/usr/local/texlive/2020/texmf-dist/tex/latex/kvoptions/kvoptions.sty
Package: kvoptions 2019/11/29 v3.13 Key value format for package options (HO)
)
\@linkdim=\dimen154
\Hy@linkcounter=\count196
\Hy@pagecounter=\count197
(/usr/local/texlive/2020/texmf-dist/tex/latex/hyperref/pd1enc.def
File: pd1enc.def 2020/01/14 v7.00d Hyperref: PDFDocEncoding definition (HO)
Now handling font encoding PD1 ...
... no UTF-8 mapping file for font encoding PD1
) (/usr/local/texlive/2020/texmf-dist/tex/generic/intcalc/intcalc.sty
Package: intcalc 2019/12/15 v1.3 Expandable calculations with integers (HO)
) (/usr/local/texlive/2020/texmf-dist/tex/generic/etexcmds/etexcmds.sty
Package: etexcmds 2019/12/15 v1.7 Avoid name clashes with e-TeX commands (HO)
)
\Hy@SavedSpaceFactor=\count198
Package hyperref Info: Option `breaklinks' set `true' on input line 4421.
Package hyperref Info: Option `colorlinks' set `true' on input line 4421.
Package hyperref Info: Hyper figures OFF on input line 4547.
Package hyperref Info: Link nesting OFF on input line 4552.
Package hyperref Info: Hyper index ON on input line 4555.
Package hyperref Info: Plain pages OFF on input line 4562.
Package hyperref Info: Backreferencing OFF on input line 4567.
Package hyperref Info: Implicit mode ON; LaTeX internals redefined.
Package hyperref Info: Bookmarks ON on input line 4800.
\c@Hy@tempcnt=\count199
(/usr/local/texlive/2020/texmf-dist/tex/latex/url/url.sty
\Urlmuskip=\muskip17
Package: url 2013/09/16  ver 3.4  Verb mode for urls, etc.
)
LaTeX Info: Redefining \url on input line 5159.
\XeTeXLinkMargin=\dimen155
(/usr/local/texlive/2020/texmf-dist/tex/generic/bitset/bitset.sty
Package: bitset 2019/12/09 v1.3 Handle bit-vector datatype (HO)
(/usr/local/texlive/2020/texmf-dist/tex/generic/bigintcalc/bigintcalc.sty
Package: bigintcalc 2019/12/15 v1.5 Expandable calculations on big integers (HO
)
))
\Fld@menulength=\count266
\Field@Width=\dimen156
\Fld@charsize=\dimen157
Package hyperref Info: Hyper figures OFF on input line 6430.
Package hyperref Info: Link nesting OFF on input line 6435.
Package hyperref Info: Hyper index ON on input line 6438.
Package hyperref Info: backreferencing OFF on input line 6445.
Package hyperref Info: Link coloring ON on input line 6448.
Package hyperref Info: Link coloring with OCG OFF on input line 6455.
Package hyperref Info: PDF/A mode OFF on input line 6460.
LaTeX Info: Redefining \ref on input line 6500.
LaTeX Info: Redefining \pageref on input line 6504.
(/usr/local/texlive/2020/texmf-dist/tex/generic/atbegshi/atbegshi.sty
Package: atbegshi 2019/12/05 v1.19 At begin shipout hook (HO)
)
\Hy@abspage=\count267
\c@Item=\count268
\c@Hfootnote=\count269
)
Package hyperref Info: Driver (autodetected): hpdftex.
(/usr/local/texlive/2020/texmf-dist/tex/latex/hyperref/hpdftex.def
File: hpdftex.def 2020/01/14 v7.00d Hyperref driver for pdfTeX
(/usr/local/texlive/2020/texmf-dist/tex/latex/atveryend/atveryend.sty
Package: atveryend 2019-12-11 v1.11 Hooks at the very end of document (HO)
Package atveryend Info: \enddocument detected (standard20110627).
)
\Fld@listcount=\count270
\c@bookmark@seq@number=\count271

(/usr/local/texlive/2020/texmf-dist/tex/latex/rerunfilecheck/rerunfilecheck.sty
Package: rerunfilecheck 2019/12/05 v1.9 Rerun checks for auxiliary files (HO)

(/usr/local/texlive/2020/texmf-dist/tex/generic/uniquecounter/uniquecounter.sty
Package: uniquecounter 2019/12/15 v1.4 Provide unlimited unique counter (HO)
)
Package uniquecounter Info: New unique counter `rerunfilecheck' on input line 2
86.
)
\Hy@SectionHShift=\skip57
) (/usr/local/texlive/2020/texmf-dist/tex/latex/tocbibind/tocbibind.sty
Package: tocbibind 2010/10/13 v1.5k extra ToC listings
Package tocbibind Info: The document has section divisions on input line 50.

Package tocbibind Note: Using section or other style headings.

)
\c@theorem=\count272
(/usr/local/texlive/2020/texmf-dist/tex/latex/l3backend/l3backend-pdfmode.def
File: l3backend-pdfmode.def 2020-03-12 L3 backend support: PDF mode
\l__kernel_color_stack_int=\count273
\l__pdf_internal_box=\box50
) (../../bld/paper/paper.aux)
\openout1 = `paper.aux'.

LaTeX Font Info:    Checking defaults for OML/cmm/m/it on input line 36.
LaTeX Font Info:    ... okay on input line 36.
LaTeX Font Info:    Checking defaults for OMS/cmsy/m/n on input line 36.
LaTeX Font Info:    ... okay on input line 36.
LaTeX Font Info:    Checking defaults for OT1/cmr/m/n on input line 36.
LaTeX Font Info:    ... okay on input line 36.
LaTeX Font Info:    Checking defaults for T1/cmr/m/n on input line 36.
LaTeX Font Info:    ... okay on input line 36.
LaTeX Font Info:    Checking defaults for TS1/cmr/m/n on input line 36.
LaTeX Font Info:    ... okay on input line 36.
LaTeX Font Info:    Checking defaults for OMX/cmex/m/n on input line 36.
LaTeX Font Info:    ... okay on input line 36.
LaTeX Font Info:    Checking defaults for U/cmr/m/n on input line 36.
LaTeX Font Info:    ... okay on input line 36.
LaTeX Font Info:    Checking defaults for PD1/pdf/m/n on input line 36.
LaTeX Font Info:    ... okay on input line 36.
(/usr/local/texlive/2020/texmf-dist/tex/context/base/mkii/supp-pdf.mkii
[Loading MPS to PDF converter (version 2006.09.02).]
\scratchcounter=\count274
\scratchdimen=\dimen158
\scratchbox=\box51
\nofMPsegments=\count275
\nofMParguments=\count276
\everyMPshowfont=\toks29
\MPscratchCnt=\count277
\MPscratchDim=\dimen159
\MPnumerator=\count278
\makeMPintoPDFobject=\count279
\everyMPtoPDFconversion=\toks30
) (/usr/local/texlive/2020/texmf-dist/tex/latex/epstopdf-pkg/epstopdf-base.sty
Package: epstopdf-base 2020-01-24 v2.11 Base part for package epstopdf
Package epstopdf-base Info: Redefining graphics rule for `.eps' on input line 4
85.
(/usr/local/texlive/2020/texmf-dist/tex/latex/latexconfig/epstopdf-sys.cfg
File: epstopdf-sys.cfg 2010/07/13 v1.3 Configuration of (r)epstopdf for TeX Liv
e
))
Package caption Info: Begin \AtBeginDocument code.
Package caption Info: float package is loaded.
Package caption Info: hyperref package is loaded.
Package caption Info: threeparttable package is loaded.
Package caption Info: End \AtBeginDocument code.
\AtBeginShipoutBox=\box52
(/usr/local/texlive/2020/texmf-dist/tex/latex/graphics/color.sty
Package: color 2019/11/23 v1.2a Standard LaTeX Color (DPC)
(/usr/local/texlive/2020/texmf-dist/tex/latex/graphics-cfg/color.cfg
File: color.cfg 2016/01/02 v1.6 sample color configuration
)
Package color Info: Driver file: pdftex.def on input line 147.
)
Package hyperref Info: Link coloring ON on input line 36.
(/usr/local/texlive/2020/texmf-dist/tex/latex/hyperref/nameref.sty
Package: nameref 2019/09/16 v2.46 Cross-referencing by name of section
(/usr/local/texlive/2020/texmf-dist/tex/latex/refcount/refcount.sty
Package: refcount 2019/12/15 v3.6 Data extraction from label references (HO)
)
(/usr/local/texlive/2020/texmf-dist/tex/generic/gettitlestring/gettitlestring.s
ty
Package: gettitlestring 2019/12/15 v1.6 Cleanup title references (HO)
)
\c@section@level=\count280
)
LaTeX Info: Redefining \ref on input line 36.
LaTeX Info: Redefining \pageref on input line 36.
LaTeX Info: Redefining \nameref on input line 36.
(../../bld/paper/paper.out) (../../bld/paper/paper.out)
\@outlinefile=\write3
\openout3 = `paper.out'.

LaTeX Font Info:    Trying to load font information for U+msa on input line 38.

(/usr/local/texlive/2020/texmf-dist/tex/latex/amsfonts/umsa.fd
File: umsa.fd 2013/01/14 v3.01 AMS symbols A
)
LaTeX Font Info:    Trying to load font information for U+msb on input line 38.

(/usr/local/texlive/2020/texmf-dist/tex/latex/amsfonts/umsb.fd
File: umsb.fd 2013/01/14 v3.01 AMS symbols B
) [1

{/usr/local/texlive/2020/texmf-var/fonts/map/pdftex/updmap/pdftex.map}] [2] [3]
[4] [5]
Overfull \hbox (8.90804pt too wide) in paragraph at lines 238--239
\OT1/cmr/m/n/10 spond-ing to the $\OML/cmm/m/it/10 r$ \OT1/cmr/m/n/10 largest e
igen-val-ues of $\OML/cmm/m/it/10 E\OT1/cmr/m/n/10 ([])$, such that $[]([])[][]
([]) =
 []

[6] [7] [8] [9] [10] [11] [12] [13] [14] [15

]

LaTeX Warning: No positions in optional float specifier.
               Default added (so using `tbp') on input line 498.

[16] [17]

LaTeX Warning: No positions in optional float specifier.
               Default added (so using `tbp') on input line 539.


LaTeX Warning: No positions in optional float specifier.
               Default added (so using `tbp') on input line 578.


Overfull \hbox (72.53297pt too wide) in paragraph at lines 585--614
 [] 
 []


LaTeX Warning: No positions in optional float specifier.
               Default added (so using `tbp') on input line 620.


LaTeX Warning: No positions in optional float specifier.
               Default added (so using `tbp') on input line 650.


LaTeX Warning: No positions in optional float specifier.
               Default added (so using `tbp') on input line 679.


LaTeX Warning: No positions in optional float specifier.
               Default added (so using `tbp') on input line 706.


LaTeX Warning: No positions in optional float specifier.
               Default added (so using `tbp') on input line 743.


Overfull \hbox (72.53297pt too wide) in paragraph at lines 749--777
 [] 
 []

[18] [19] [20]

LaTeX Warning: No positions in optional float specifier.
               Default added (so using `tbp') on input line 783.


LaTeX Warning: No positions in optional float specifier.
               Default added (so using `tbp') on input line 815.


LaTeX Warning: No positions in optional float specifier.
               Default added (so using `tbp') on input line 845.

[21]
<../../bld/figures/range_N_model1/beta1_beta_hat_point.png, id=303, 2107.875pt 
x 1505.625pt>
File: ../../bld/figures/range_N_model1/beta1_beta_hat_point.png Graphic file (t
ype png)
<use ../../bld/figures/range_N_model1/beta1_beta_hat_point.png>
Package pdftex.def Info: ../../bld/figures/range_N_model1/beta1_beta_hat_point.
png  used on input line 877.
(pdftex.def)             Requested size: 309.86356pt x 221.3311pt.
<../../bld/figures/range_N_model1/beta2_beta_hat_point.png, id=305, 2107.875pt 
x 1505.625pt>
File: ../../bld/figures/range_N_model1/beta2_beta_hat_point.png Graphic file (t
ype png)
<use ../../bld/figures/range_N_model1/beta2_beta_hat_point.png>
Package pdftex.def Info: ../../bld/figures/range_N_model1/beta2_beta_hat_point.
png  used on input line 881.
(pdftex.def)             Requested size: 309.86356pt x 221.3311pt.
[22



 <../../bld/paper/../../bld/figures/range_N_model1/beta1_beta_hat_point.png> <.
./../bld/paper/../../bld/figures/range_N_model1/beta2_beta_hat_point.png>]
<../../bld/figures/range_N_model1/beta1_beta_hat_violin.png, id=312, 3011.25pt 
x 1505.625pt>
File: ../../bld/figures/range_N_model1/beta1_beta_hat_violin.png Graphic file (
type png)
<use ../../bld/figures/range_N_model1/beta1_beta_hat_violin.png>
Package pdftex.def Info: ../../bld/figures/range_N_model1/beta1_beta_hat_violin
.png  used on input line 892.
(pdftex.def)             Requested size: 361.33441pt x 180.6672pt.
<../../bld/figures/range_N_model1/beta2_beta_hat_violin.png, id=313, 3011.25pt 
x 1505.625pt>
File: ../../bld/figures/range_N_model1/beta2_beta_hat_violin.png Graphic file (
type png)
<use ../../bld/figures/range_N_model1/beta2_beta_hat_violin.png>
Package pdftex.def Info: ../../bld/figures/range_N_model1/beta2_beta_hat_violin
.png  used on input line 894.
(pdftex.def)             Requested size: 361.33441pt x 180.6672pt.

Overfull \hbox (16.33441pt too wide) in paragraph at lines 892--896
 [][] 
 []


Overfull \hbox (16.33441pt too wide) in paragraph at lines 892--896
 [] 
 []

[23

 <../../bld/paper/../../bld/figures/range_N_model1/beta1_beta_hat_violin.png> <
../../bld/paper/../../bld/figures/range_N_model1/beta2_beta_hat_violin.png>]
<../../bld/figures/range_grid_T_N_model1/beta1_rmse_point_within.png, id=320, 1
505.625pt x 1505.625pt>
File: ../../bld/figures/range_grid_T_N_model1/beta1_rmse_point_within.png Graph
ic file (type png)
<use ../../bld/figures/range_grid_T_N_model1/beta1_rmse_point_within.png>
Package pdftex.def Info: ../../bld/figures/range_grid_T_N_model1/beta1_rmse_poi
nt_within.png  used on input line 905.
(pdftex.def)             Requested size: 225.834pt x 225.834pt.
<../../bld/figures/range_grid_T_N_model1/beta1_rmse_point_interactive.png, id=3
21, 1505.625pt x 1505.625pt>
File: ../../bld/figures/range_grid_T_N_model1/beta1_rmse_point_interactive.png 
Graphic file (type png)
<use ../../bld/figures/range_grid_T_N_model1/beta1_rmse_point_interactive.png>
Package pdftex.def Info: ../../bld/figures/range_grid_T_N_model1/beta1_rmse_poi
nt_interactive.png  used on input line 909.
(pdftex.def)             Requested size: 225.834pt x 225.834pt.

LaTeX Warning: `h' float specifier changed to `ht'.

[24 <../../bld/paper/../../bld/figures/range_grid_T_N_model1/beta1_rmse_point_w
ithin.png> <../../bld/paper/../../bld/figures/range_grid_T_N_model1/beta1_rmse_
point_interactive.png>]
<../../bld/figures/range_N_model2/beta1_beta_hat_point.png, id=328, 2107.875pt 
x 1505.625pt>
File: ../../bld/figures/range_N_model2/beta1_beta_hat_point.png Graphic file (t
ype png)
<use ../../bld/figures/range_N_model2/beta1_beta_hat_point.png>
Package pdftex.def Info: ../../bld/figures/range_N_model2/beta1_beta_hat_point.
png  used on input line 925.
(pdftex.def)             Requested size: 316.1676pt x 225.834pt.
<../../bld/figures/range_N_model2/beta2_beta_hat_point.png, id=329, 2107.875pt 
x 1505.625pt>
File: ../../bld/figures/range_N_model2/beta2_beta_hat_point.png Graphic file (t
ype png)
<use ../../bld/figures/range_N_model2/beta2_beta_hat_point.png>
Package pdftex.def Info: ../../bld/figures/range_N_model2/beta2_beta_hat_point.
png  used on input line 929.
(pdftex.def)             Requested size: 316.1676pt x 225.834pt.

LaTeX Warning: `h' float specifier changed to `ht'.

[25 <../../bld/paper/../../bld/figures/range_N_model2/beta1_beta_hat_point.png>
 <../../bld/paper/../../bld/figures/range_N_model2/beta2_beta_hat_point.png>]
<../../bld/figures/range_N_model2/beta1_beta_hat_violin.png, id=337, 3011.25pt 
x 1505.625pt>
File: ../../bld/figures/range_N_model2/beta1_beta_hat_violin.png Graphic file (
type png)
<use ../../bld/figures/range_N_model2/beta1_beta_hat_violin.png>
Package pdftex.def Info: ../../bld/figures/range_N_model2/beta1_beta_hat_violin
.png  used on input line 940.
(pdftex.def)             Requested size: 361.33441pt x 180.6672pt.
<../../bld/figures/range_N_model2/beta2_beta_hat_violin.png, id=338, 3011.25pt 
x 1505.625pt>
File: ../../bld/figures/range_N_model2/beta2_beta_hat_violin.png Graphic file (
type png)
<use ../../bld/figures/range_N_model2/beta2_beta_hat_violin.png>
Package pdftex.def Info: ../../bld/figures/range_N_model2/beta2_beta_hat_violin
.png  used on input line 942.
(pdftex.def)             Requested size: 361.33441pt x 180.6672pt.

Overfull \hbox (16.33441pt too wide) in paragraph at lines 940--944
 [][] 
 []


Overfull \hbox (16.33441pt too wide) in paragraph at lines 940--944
 [] 
 []

[26



 <../../bld/paper/../../bld/figures/range_N_model2/beta1_beta_hat_violin.png> <
../../bld/paper/../../bld/figures/range_N_model2/beta2_beta_hat_violin.png>]
<../../bld/figures/range_grid_T_N_model2/beta1_rmse_point_within.png, id=346, 1
505.625pt x 1505.625pt>
File: ../../bld/figures/range_grid_T_N_model2/beta1_rmse_point_within.png Graph
ic file (type png)
<use ../../bld/figures/range_grid_T_N_model2/beta1_rmse_point_within.png>
Package pdftex.def Info: ../../bld/figures/range_grid_T_N_model2/beta1_rmse_poi
nt_within.png  used on input line 953.
(pdftex.def)             Requested size: 225.834pt x 225.834pt.
<../../bld/figures/range_grid_T_N_model2/beta1_rmse_point_interactive.png, id=3
47, 1505.625pt x 1505.625pt>
File: ../../bld/figures/range_grid_T_N_model2/beta1_rmse_point_interactive.png 
Graphic file (type png)
<use ../../bld/figures/range_grid_T_N_model2/beta1_rmse_point_interactive.png>
Package pdftex.def Info: ../../bld/figures/range_grid_T_N_model2/beta1_rmse_poi
nt_interactive.png  used on input line 957.
(pdftex.def)             Requested size: 225.834pt x 225.834pt.

LaTeX Warning: `h' float specifier changed to `ht'.

[27 <../../bld/paper/../../bld/figures/range_grid_T_N_model2/beta1_rmse_point_w
ithin.png> <../../bld/paper/../../bld/figures/range_grid_T_N_model2/beta1_rmse_
point_interactive.png>]
<../../bld/figures/range_N_model3/beta1_beta_hat_point.png, id=355, 2107.875pt 
x 1505.625pt>
File: ../../bld/figures/range_N_model3/beta1_beta_hat_point.png Graphic file (t
ype png)
<use ../../bld/figures/range_N_model3/beta1_beta_hat_point.png>
Package pdftex.def Info: ../../bld/figures/range_N_model3/beta1_beta_hat_point.
png  used on input line 969.
(pdftex.def)             Requested size: 210.79985pt x 150.57132pt.
<../../bld/figures/range_N_model3/beta2_beta_hat_point.png, id=356, 2107.875pt 
x 1505.625pt>
File: ../../bld/figures/range_N_model3/beta2_beta_hat_point.png Graphic file (t
ype png)
<use ../../bld/figures/range_N_model3/beta2_beta_hat_point.png>
Package pdftex.def Info: ../../bld/figures/range_N_model3/beta2_beta_hat_point.
png  used on input line 973.
(pdftex.def)             Requested size: 210.79985pt x 150.57132pt.
<../../bld/figures/range_N_model3/mu_beta_hat_point.png, id=357, 2107.875pt x 1
505.625pt>
File: ../../bld/figures/range_N_model3/mu_beta_hat_point.png Graphic file (type
 png)
<use ../../bld/figures/range_N_model3/mu_beta_hat_point.png>
Package pdftex.def Info: ../../bld/figures/range_N_model3/mu_beta_hat_point.png
  used on input line 976.
(pdftex.def)             Requested size: 210.79985pt x 150.57132pt.

LaTeX Warning: `h' float specifier changed to `ht'.

[28 <../../bld/paper/../../bld/figures/range_N_model3/beta1_beta_hat_point.png>
 <../../bld/paper/../../bld/figures/range_N_model3/beta2_beta_hat_point.png> <.
./../bld/paper/../../bld/figures/range_N_model3/mu_beta_hat_point.png>]
<../../bld/figures/range_N_model3/beta1_beta_hat_violin.png, id=365, 3011.25pt 
x 1505.625pt>
File: ../../bld/figures/range_N_model3/beta1_beta_hat_violin.png Graphic file (
type png)
<use ../../bld/figures/range_N_model3/beta1_beta_hat_violin.png>
Package pdftex.def Info: ../../bld/figures/range_N_model3/beta1_beta_hat_violin
.png  used on input line 985.
(pdftex.def)             Requested size: 361.33441pt x 180.6672pt.
<../../bld/figures/range_N_model3/beta2_beta_hat_violin.png, id=366, 3011.25pt 
x 1505.625pt>
File: ../../bld/figures/range_N_model3/beta2_beta_hat_violin.png Graphic file (
type png)
<use ../../bld/figures/range_N_model3/beta2_beta_hat_violin.png>
Package pdftex.def Info: ../../bld/figures/range_N_model3/beta2_beta_hat_violin
.png  used on input line 987.
(pdftex.def)             Requested size: 361.33441pt x 180.6672pt.
<../../bld/figures/range_N_model3/mu_beta_hat_violin.png, id=367, 3011.25pt x 1
505.625pt>
File: ../../bld/figures/range_N_model3/mu_beta_hat_violin.png Graphic file (typ
e png)
<use ../../bld/figures/range_N_model3/mu_beta_hat_violin.png>
Package pdftex.def Info: ../../bld/figures/range_N_model3/mu_beta_hat_violin.pn
g  used on input line 989.
(pdftex.def)             Requested size: 361.33441pt x 180.6672pt.

Overfull \hbox (16.33441pt too wide) in paragraph at lines 985--991
 [][] 
 []


Overfull \hbox (16.33441pt too wide) in paragraph at lines 985--991
 [] 
 []


Overfull \hbox (16.33441pt too wide) in paragraph at lines 985--991
 [] 
 []


LaTeX Warning: `h' float specifier changed to `ht'.

[29 <../../bld/paper/../../bld/figures/range_N_model3/beta1_beta_hat_violin.png
> <../../bld/paper/../../bld/figures/range_N_model3/beta2_beta_hat_violin.png> 
<../../bld/paper/../../bld/figures/range_N_model3/mu_beta_hat_violin.png>]

LaTeX Warning: No positions in optional float specifier.
               Default added (so using `tbp') on input line 996.

<../../bld/figures/range_grid_T_N_model3/beta1_rmse_point_interactive.png, id=3
76, 1505.625pt x 1505.625pt>
File: ../../bld/figures/range_grid_T_N_model3/beta1_rmse_point_interactive.png 
Graphic file (type png)
<use ../../bld/figures/range_grid_T_N_model3/beta1_rmse_point_interactive.png>
Package pdftex.def Info: ../../bld/figures/range_grid_T_N_model3/beta1_rmse_poi
nt_interactive.png  used on input line 999.
(pdftex.def)             Requested size: 225.834pt x 225.834pt.
<../../bld/figures/range_grid_T_N_model3/beta2_rmse_point_interactive.png, id=3
77, 1505.625pt x 1505.625pt>
File: ../../bld/figures/range_grid_T_N_model3/beta2_rmse_point_interactive.png 
Graphic file (type png)
<use ../../bld/figures/range_grid_T_N_model3/beta2_rmse_point_interactive.png>
Package pdftex.def Info: ../../bld/figures/range_grid_T_N_model3/beta2_rmse_poi
nt_interactive.png  used on input line 1003.
(pdftex.def)             Requested size: 225.834pt x 225.834pt.
<../../bld/figures/range_grid_T_N_model3/mu_rmse_point_interactive.png, id=378,
 1505.625pt x 1505.625pt>
File: ../../bld/figures/range_grid_T_N_model3/mu_rmse_point_interactive.png Gra
phic file (type png)
<use ../../bld/figures/range_grid_T_N_model3/mu_rmse_point_interactive.png>
Package pdftex.def Info: ../../bld/figures/range_grid_T_N_model3/mu_rmse_point_
interactive.png  used on input line 1006.
(pdftex.def)             Requested size: 225.834pt x 225.834pt.

LaTeX Warning: Float too large for page by 103.502pt on input line 1010.

[30 <../../bld/paper/../../bld/figures/range_grid_T_N_model3/beta1_rmse_point_i
nteractive.png> <../../bld/paper/../../bld/figures/range_grid_T_N_model3/beta2_
rmse_point_interactive.png> <../../bld/paper/../../bld/figures/range_grid_T_N_m
odel3/mu_rmse_point_interactive.png>]

LaTeX Warning: No positions in optional float specifier.
               Default added (so using `tbp') on input line 1015.

<../../bld/figures/range_N_model4/beta1_beta_hat_point.png, id=386, 2107.875pt 
x 1505.625pt>
File: ../../bld/figures/range_N_model4/beta1_beta_hat_point.png Graphic file (t
ype png)
<use ../../bld/figures/range_N_model4/beta1_beta_hat_point.png>
Package pdftex.def Info: ../../bld/figures/range_N_model4/beta1_beta_hat_point.
png  used on input line 1018.
(pdftex.def)             Requested size: 316.1676pt x 225.834pt.
<../../bld/figures/range_N_model4/beta2_beta_hat_point.png, id=387, 2107.875pt 
x 1505.625pt>
File: ../../bld/figures/range_N_model4/beta2_beta_hat_point.png Graphic file (t
ype png)
<use ../../bld/figures/range_N_model4/beta2_beta_hat_point.png>
Package pdftex.def Info: ../../bld/figures/range_N_model4/beta2_beta_hat_point.
png  used on input line 1022.
(pdftex.def)             Requested size: 316.1676pt x 225.834pt.
<../../bld/figures/range_N_model4/mu_beta_hat_point.png, id=388, 2107.875pt x 1
505.625pt>
File: ../../bld/figures/range_N_model4/mu_beta_hat_point.png Graphic file (type
 png)
<use ../../bld/figures/range_N_model4/mu_beta_hat_point.png>
Package pdftex.def Info: ../../bld/figures/range_N_model4/mu_beta_hat_point.png
  used on input line 1026.
(pdftex.def)             Requested size: 316.1676pt x 225.834pt.

LaTeX Warning: Float too large for page by 115.502pt on input line 1031.

[31 <../../bld/paper/../../bld/figures/range_N_model4/beta1_beta_hat_point.png>
 <../../bld/paper/../../bld/figures/range_N_model4/beta2_beta_hat_point.png> <.
./../bld/paper/../../bld/figures/range_N_model4/mu_beta_hat_point.png>]
<../../bld/figures/range_N_model4/beta1_beta_hat_violin.png, id=397, 3011.25pt 
x 1505.625pt>
File: ../../bld/figures/range_N_model4/beta1_beta_hat_violin.png Graphic file (
type png)
<use ../../bld/figures/range_N_model4/beta1_beta_hat_violin.png>
Package pdftex.def Info: ../../bld/figures/range_N_model4/beta1_beta_hat_violin
.png  used on input line 1036.
(pdftex.def)             Requested size: 361.33441pt x 180.6672pt.
<../../bld/figures/range_N_model4/beta2_beta_hat_violin.png, id=398, 3011.25pt 
x 1505.625pt>
File: ../../bld/figures/range_N_model4/beta2_beta_hat_violin.png Graphic file (
type png)
<use ../../bld/figures/range_N_model4/beta2_beta_hat_violin.png>
Package pdftex.def Info: ../../bld/figures/range_N_model4/beta2_beta_hat_violin
.png  used on input line 1038.
(pdftex.def)             Requested size: 361.33441pt x 180.6672pt.
<../../bld/figures/range_N_model4/mu_beta_hat_violin.png, id=399, 3011.25pt x 1
505.625pt>
File: ../../bld/figures/range_N_model4/mu_beta_hat_violin.png Graphic file (typ
e png)
<use ../../bld/figures/range_N_model4/mu_beta_hat_violin.png>
Package pdftex.def Info: ../../bld/figures/range_N_model4/mu_beta_hat_violin.pn
g  used on input line 1040.
(pdftex.def)             Requested size: 361.33441pt x 180.6672pt.

Overfull \hbox (16.33441pt too wide) in paragraph at lines 1036--1042
 [][] 
 []


Overfull \hbox (16.33441pt too wide) in paragraph at lines 1036--1042
 [] 
 []


Overfull \hbox (16.33441pt too wide) in paragraph at lines 1036--1042
 [] 
 []


LaTeX Warning: `h' float specifier changed to `ht'.

[32 <../../bld/paper/../../bld/figures/range_N_model4/beta1_beta_hat_violin.png
> <../../bld/paper/../../bld/figures/range_N_model4/beta2_beta_hat_violin.png> 
<../../bld/paper/../../bld/figures/range_N_model4/mu_beta_hat_violin.png>]
<../../bld/figures/range_grid_T_N_model4/beta1_rmse_point_interactive.png, id=4
08, 1505.625pt x 1505.625pt>
File: ../../bld/figures/range_grid_T_N_model4/beta1_rmse_point_interactive.png 
Graphic file (type png)
<use ../../bld/figures/range_grid_T_N_model4/beta1_rmse_point_interactive.png>
Package pdftex.def Info: ../../bld/figures/range_grid_T_N_model4/beta1_rmse_poi
nt_interactive.png  used on input line 1050.
(pdftex.def)             Requested size: 225.834pt x 225.834pt.
<../../bld/figures/range_grid_T_N_model4/beta2_rmse_point_interactive.png, id=4
09, 1505.625pt x 1505.625pt>
File: ../../bld/figures/range_grid_T_N_model4/beta2_rmse_point_interactive.png 
Graphic file (type png)
<use ../../bld/figures/range_grid_T_N_model4/beta2_rmse_point_interactive.png>
Package pdftex.def Info: ../../bld/figures/range_grid_T_N_model4/beta2_rmse_poi
nt_interactive.png  used on input line 1054.
(pdftex.def)             Requested size: 225.834pt x 225.834pt.
<../../bld/figures/range_grid_T_N_model4/mu_rmse_point_interactive.png, id=410,
 1505.625pt x 1505.625pt>
File: ../../bld/figures/range_grid_T_N_model4/mu_rmse_point_interactive.png Gra
phic file (type png)
<use ../../bld/figures/range_grid_T_N_model4/mu_rmse_point_interactive.png>
Package pdftex.def Info: ../../bld/figures/range_grid_T_N_model4/mu_rmse_point_
interactive.png  used on input line 1057.
(pdftex.def)             Requested size: 225.834pt x 225.834pt.

LaTeX Warning: Float too large for page by 115.502pt on input line 1061.

[33 <../../bld/paper/../../bld/figures/range_grid_T_N_model4/beta1_rmse_point_i
nteractive.png> <../../bld/paper/../../bld/figures/range_grid_T_N_model4/beta2_
rmse_point_interactive.png> <../../bld/paper/../../bld/figures/range_grid_T_N_m
odel4/mu_rmse_point_interactive.png>]
File: ../../bld/figures/range_grid_T_N_model4/beta1_rmse_point_interactive.png 
Graphic file (type png)
<use ../../bld/figures/range_grid_T_N_model4/beta1_rmse_point_interactive.png>
Package pdftex.def Info: ../../bld/figures/range_grid_T_N_model4/beta1_rmse_poi
nt_interactive.png  used on input line 1068.
(pdftex.def)             Requested size: 225.834pt x 225.834pt.
File: ../../bld/figures/range_grid_T_N_model4/beta2_rmse_point_interactive.png 
Graphic file (type png)
<use ../../bld/figures/range_grid_T_N_model4/beta2_rmse_point_interactive.png>
Package pdftex.def Info: ../../bld/figures/range_grid_T_N_model4/beta2_rmse_poi
nt_interactive.png  used on input line 1072.
(pdftex.def)             Requested size: 225.834pt x 225.834pt.
File: ../../bld/figures/range_grid_T_N_model4/mu_rmse_point_interactive.png Gra
phic file (type png)
<use ../../bld/figures/range_grid_T_N_model4/mu_rmse_point_interactive.png>
Package pdftex.def Info: ../../bld/figures/range_grid_T_N_model4/mu_rmse_point_
interactive.png  used on input line 1075.
(pdftex.def)             Requested size: 225.834pt x 225.834pt.

LaTeX Warning: Float too large for page by 115.502pt on input line 1079.


LaTeX Warning: No positions in optional float specifier.
               Default added (so using `tbp') on input line 1084.

<../../bld/figures/range_r_model4/beta1_rmse_point_interactive.png, id=419, 150
5.625pt x 1505.625pt>
File: ../../bld/figures/range_r_model4/beta1_rmse_point_interactive.png Graphic
 file (type png)
<use ../../bld/figures/range_r_model4/beta1_rmse_point_interactive.png>
Package pdftex.def Info: ../../bld/figures/range_r_model4/beta1_rmse_point_inte
ractive.png  used on input line 1088.
(pdftex.def)             Requested size: 225.834pt x 225.834pt.
<../../bld/figures/range_r_model4/beta2_rmse_point_interactive.png, id=420, 150
5.625pt x 1505.625pt>
File: ../../bld/figures/range_r_model4/beta2_rmse_point_interactive.png Graphic
 file (type png)
<use ../../bld/figures/range_r_model4/beta2_rmse_point_interactive.png>
Package pdftex.def Info: ../../bld/figures/range_r_model4/beta2_rmse_point_inte
ractive.png  used on input line 1092.
(pdftex.def)             Requested size: 225.834pt x 225.834pt.
Package atveryend Info: Empty hook `BeforeClearDocument' on input line 1100.
[34] [35 <../../bld/paper/../../bld/figures/range_r_model4/beta1_rmse_point_int
eractive.png> <../../bld/paper/../../bld/figures/range_r_model4/beta2_rmse_poin
t_interactive.png>]
Package atveryend Info: Empty hook `AfterLastShipout' on input line 1100.
(../../bld/paper/paper.aux)
Package atveryend Info: Executing hook `AtVeryEndDocument' on input line 1100.
Package atveryend Info: Executing hook `AtEndAfterFileList' on input line 1100.

Package rerunfilecheck Info: File `paper.out' has not changed.
(rerunfilecheck)             Checksum: 5C809B7AF6F2A5FD26000BF6CBEF5F90;1261.
Package atveryend Info: Empty hook `AtVeryVeryEnd' on input line 1100.
 ) 
Here is how much of TeX's memory you used:
 7855 strings out of 480608
 130163 string characters out of 5903630
 428450 words of memory out of 5000000
 23467 multiletter control sequences out of 15000+600000
 540547 words of font info for 56 fonts, out of 8000000 for 9000
 1141 hyphenation exceptions out of 8191
 41i,17n,42p,1314b,400s stack positions out of 5000i,500n,10000p,200000b,80000s
</usr/local/texlive/2020/texmf-dist/fonts/type1/public/amsfonts/cm/cmbx10.pfb
></usr/local/texlive/2020/texmf-dist/fonts/type1/public/amsfonts/cm/cmbx12.pfb>
</usr/local/texlive/2020/texmf-dist/fonts/type1/public/amsfonts/cm/cmex10.pfb><
/usr/local/texlive/2020/texmf-dist/fonts/type1/public/amsfonts/cm/cmmi10.pfb></
usr/local/texlive/2020/texmf-dist/fonts/type1/public/amsfonts/cm/cmmi6.pfb></us
r/local/texlive/2020/texmf-dist/fonts/type1/public/amsfonts/cm/cmmi7.pfb></usr/
local/texlive/2020/texmf-dist/fonts/type1/public/amsfonts/cm/cmmi8.pfb></usr/lo
cal/texlive/2020/texmf-dist/fonts/type1/public/amsfonts/cm/cmr10.pfb></usr/loca
l/texlive/2020/texmf-dist/fonts/type1/public/amsfonts/cm/cmr12.pfb></usr/local/
texlive/2020/texmf-dist/fonts/type1/public/amsfonts/cm/cmr17.pfb></usr/local/te
xlive/2020/texmf-dist/fonts/type1/public/amsfonts/cm/cmr5.pfb></usr/local/texli
ve/2020/texmf-dist/fonts/type1/public/amsfonts/cm/cmr6.pfb></usr/local/texlive/
2020/texmf-dist/fonts/type1/public/amsfonts/cm/cmr7.pfb></usr/local/texlive/202
0/texmf-dist/fonts/type1/public/amsfonts/cm/cmr8.pfb></usr/local/texlive/2020/t
exmf-dist/fonts/type1/public/amsfonts/cm/cmsy10.pfb></usr/local/texlive/2020/te
xmf-dist/fonts/type1/public/amsfonts/cm/cmsy6.pfb></usr/local/texlive/2020/texm
f-dist/fonts/type1/public/amsfonts/cm/cmsy7.pfb></usr/local/texlive/2020/texmf-
dist/fonts/type1/public/amsfonts/cm/cmsy8.pfb></usr/local/texlive/2020/texmf-di
st/fonts/type1/public/amsfonts/cm/cmti10.pfb></usr/local/texlive/2020/texmf-dis
t/fonts/type1/public/amsfonts/symbols/msbm10.pfb></usr/local/texlive/2020/texmf
-dist/fonts/type1/public/amsfonts/symbols/msbm7.pfb>
Output written on ../../bld/paper/paper.pdf (35 pages, 4414017 bytes).
PDF statistics:
 525 PDF objects out of 1000 (max. 8388607)
 399 compressed objects within 4 object streams
 120 named destinations out of 1000 (max. 500000)
 297 words of extra memory for PDF output out of 10000 (max. 10000000)

