This is pdfTeX, Version 3.14159265-2.6-1.40.21 (TeX Live 2020) (preloaded format=pdflatex 2020.11.1)  29 MAR 2021 03:45
entering extended mode
 restricted \write18 enabled.
 %&-line parsing enabled.
**project_documentation.tex
(./project_documentation.tex
LaTeX2e <2020-02-02> patch level 5
L3 programming layer <2020-03-06> (./sphinxmanual.cls
Document Class: sphinxmanual 2019/12/01 v2.3.0 Document class (Sphinx manual)
(/usr/local/texlive/2020/texmf-dist/tex/latex/base/report.cls
Document Class: report 2019/12/20 v1.4l Standard LaTeX document class
(/usr/local/texlive/2020/texmf-dist/tex/latex/base/size11.clo
File: size11.clo 2019/12/20 v1.4l Standard LaTeX file (size option)
)
\c@part=\count167
\c@chapter=\count168
\c@section=\count169
\c@subsection=\count170
\c@subsubsection=\count171
\c@paragraph=\count172
\c@subparagraph=\count173
\c@figure=\count174
\c@table=\count175
\abovecaptionskip=\skip47
\belowcaptionskip=\skip48
\bibindent=\dimen134
)
LaTeX Info: Redefining \and on input line 35.
)
(/usr/local/texlive/2020/texmf-dist/tex/latex/base/inputenc.sty
Package: inputenc 2018/08/11 v1.3c Input encoding file
\inpenc@prehook=\toks15
\inpenc@posthook=\toks16
)
   defining Unicode char U+00A0 (decimal 160)
   defining Unicode char U+2500 (decimal 9472)
   defining Unicode char U+2502 (decimal 9474)
   defining Unicode char U+2514 (decimal 9492)
   defining Unicode char U+251C (decimal 9500)
   defining Unicode char U+2572 (decimal 9586)

(/usr/local/texlive/2020/texmf-dist/tex/latex/cmap/cmap.sty
Package: cmap 2008/03/06 v1.0h CMap support: searchable PDF
)
(/usr/local/texlive/2020/texmf-dist/tex/latex/base/fontenc.sty
Package: fontenc 2020/02/11 v2.0o Standard LaTeX package
<<t1.cmap>>)
(/usr/local/texlive/2020/texmf-dist/tex/latex/amsmath/amsmath.sty
Package: amsmath 2020/01/20 v2.17e AMS math features
\@mathmargin=\skip49

For additional information on amsmath, use the `?' option.
(/usr/local/texlive/2020/texmf-dist/tex/latex/amsmath/amstext.sty
Package: amstext 2000/06/29 v2.01 AMS text

(/usr/local/texlive/2020/texmf-dist/tex/latex/amsmath/amsgen.sty
File: amsgen.sty 1999/11/30 v2.0 generic functions
\@emptytoks=\toks17
\ex@=\dimen135
))
(/usr/local/texlive/2020/texmf-dist/tex/latex/amsmath/amsbsy.sty
Package: amsbsy 1999/11/29 v1.2d Bold Symbols
\pmbraise@=\dimen136
)
(/usr/local/texlive/2020/texmf-dist/tex/latex/amsmath/amsopn.sty
Package: amsopn 2016/03/08 v2.02 operator names
)
\inf@bad=\count176
LaTeX Info: Redefining \frac on input line 227.
\uproot@=\count177
\leftroot@=\count178
LaTeX Info: Redefining \overline on input line 389.
\classnum@=\count179
\DOTSCASE@=\count180
LaTeX Info: Redefining \ldots on input line 486.
LaTeX Info: Redefining \dots on input line 489.
LaTeX Info: Redefining \cdots on input line 610.
\Mathstrutbox@=\box45
\strutbox@=\box46
\big@size=\dimen137
LaTeX Font Info:    Redeclaring font encoding OML on input line 733.
LaTeX Font Info:    Redeclaring font encoding OMS on input line 734.
\macc@depth=\count181
\c@MaxMatrixCols=\count182
\dotsspace@=\muskip16
\c@parentequation=\count183
\dspbrk@lvl=\count184
\tag@help=\toks18
\row@=\count185
\column@=\count186
\maxfields@=\count187
\andhelp@=\toks19
\eqnshift@=\dimen138
\alignsep@=\dimen139
\tagshift@=\dimen140
\tagwidth@=\dimen141
\totwidth@=\dimen142
\lineht@=\dimen143
\@envbody=\toks20
\multlinegap=\skip50
\multlinetaggap=\skip51
\mathdisplay@stack=\toks21
LaTeX Info: Redefining \[ on input line 2859.
LaTeX Info: Redefining \] on input line 2860.
)
(/usr/local/texlive/2020/texmf-dist/tex/latex/amsfonts/amssymb.sty
Package: amssymb 2013/01/14 v3.01 AMS font symbols

(/usr/local/texlive/2020/texmf-dist/tex/latex/amsfonts/amsfonts.sty
Package: amsfonts 2013/01/14 v3.01 Basic AMSFonts support
\symAMSa=\mathgroup4
\symAMSb=\mathgroup5
LaTeX Font Info:    Redeclaring math symbol \hbar on input line 98.
LaTeX Font Info:    Overwriting math alphabet `\mathfrak' in version `bold'
(Font)                  U/euf/m/n --> U/euf/b/n on input line 106.
))
(/usr/local/texlive/2020/texmf-dist/tex/generic/babel/babel.sty
Package: babel 2020/03/22 3.42 The Babel package

(/usr/local/texlive/2020/texmf-dist/tex/generic/babel/switch.def
File: switch.def 2020/03/22 3.42 Babel switching mechanism
)
(/usr/local/texlive/2020/texmf-dist/tex/generic/babel-english/english.ldf
Language: english 2017/06/06 v3.3r English support from the babel system

(/usr/local/texlive/2020/texmf-dist/tex/generic/babel/babel.def
File: babel.def 2020/03/22 3.42 Babel common definitions
\babel@savecnt=\count188
\U@D=\dimen144

(/usr/local/texlive/2020/texmf-dist/tex/generic/babel/txtbabel.def)
\bbl@readstream=\read2
\bbl@dirlevel=\count189
)
Package babel Info: \l@canadian = using hyphenrules for english
(babel)             (\language0) on input line 102.
Package babel Info: \l@australian = using hyphenrules for ukenglish
(babel)             (\language21) on input line 105.
Package babel Info: \l@newzealand = using hyphenrules for ukenglish
(babel)             (\language21) on input line 108.
))
(/usr/local/texlive/2020/texmf-dist/tex/latex/psnfss/times.sty
Package: times 2005/04/12 PSNFSS-v9.2a (SPQR) 
)
(/usr/local/texlive/2020/texmf-dist/tex/latex/fncychap/fncychap.sty
Package: fncychap 2007/07/30 v1.34 LaTeX package (Revised chapters)
\RW=\skip52
\mylen=\skip53
\myhi=\skip54
\px=\skip55
\py=\skip56
\pyy=\skip57
\pxx=\skip58
\c@AlphaCnt=\count190
\c@AlphaDecCnt=\count191
)
(./sphinx.sty
Package: sphinx 2021/01/23 v3.5.0 LaTeX package (Sphinx markup)

(/usr/local/texlive/2020/texmf-dist/tex/generic/ltxcmds/ltxcmds.sty
Package: ltxcmds 2019/12/15 v1.24 LaTeX kernel commands for general use (HO)
)
(/usr/local/texlive/2020/texmf-dist/tex/latex/graphics/graphicx.sty
Package: graphicx 2019/11/30 v1.2a Enhanced LaTeX Graphics (DPC,SPQR)

(/usr/local/texlive/2020/texmf-dist/tex/latex/graphics/keyval.sty
Package: keyval 2014/10/28 v1.15 key=value parser (DPC)
\KV@toks@=\toks22
)
(/usr/local/texlive/2020/texmf-dist/tex/latex/graphics/graphics.sty
Package: graphics 2019/11/30 v1.4a Standard LaTeX Graphics (DPC,SPQR)

(/usr/local/texlive/2020/texmf-dist/tex/latex/graphics/trig.sty
Package: trig 2016/01/03 v1.10 sin cos tan (DPC)
)
(/usr/local/texlive/2020/texmf-dist/tex/latex/graphics-cfg/graphics.cfg
File: graphics.cfg 2016/06/04 v1.11 sample graphics configuration
)
Package graphics Info: Driver file: pdftex.def on input line 105.

(/usr/local/texlive/2020/texmf-dist/tex/latex/graphics-def/pdftex.def
File: pdftex.def 2018/01/08 v1.0l Graphics/color driver for pdftex
))
\Gin@req@height=\dimen145
\Gin@req@width=\dimen146
)
(/usr/local/texlive/2020/texmf-dist/tex/latex/fancyhdr/fancyhdr.sty
Package: fancyhdr 2019/01/31 v3.10 Extensive control of page headers and footer
s
\f@nch@headwidth=\skip59
\f@nch@O@elh=\skip60
\f@nch@O@erh=\skip61
\f@nch@O@olh=\skip62
\f@nch@O@orh=\skip63
\f@nch@O@elf=\skip64
\f@nch@O@erf=\skip65
\f@nch@O@olf=\skip66
\f@nch@O@orf=\skip67
)
(/usr/local/texlive/2020/texmf-dist/tex/latex/base/textcomp.sty
Package: textcomp 2020/02/02 v2.0n Standard LaTeX package
)
(/usr/local/texlive/2020/texmf-dist/tex/latex/titlesec/titlesec.sty
Package: titlesec 2019/10/16 v2.13 Sectioning titles
\ttl@box=\box47
\beforetitleunit=\skip68
\aftertitleunit=\skip69
\ttl@plus=\dimen147
\ttl@minus=\dimen148
\ttl@toksa=\toks23
\titlewidth=\dimen149
\titlewidthlast=\dimen150
\titlewidthfirst=\dimen151
)
(/usr/local/texlive/2020/texmf-dist/tex/latex/tabulary/tabulary.sty
Package: tabulary 2014/06/11 v0.10 tabulary package (DPC)

(/usr/local/texlive/2020/texmf-dist/tex/latex/tools/array.sty
Package: array 2019/08/31 v2.4l Tabular extension package (FMi)
\col@sep=\dimen152
\ar@mcellbox=\box48
\extrarowheight=\dimen153
\NC@list=\toks24
\extratabsurround=\skip70
\backup@length=\skip71
\ar@cellbox=\box49
)
\TY@count=\count192
\TY@linewidth=\dimen154
\tymin=\dimen155
\tymax=\dimen156
\TY@tablewidth=\dimen157
)
(/usr/local/texlive/2020/texmf-dist/tex/latex/tools/longtable.sty
Package: longtable 2020/01/07 v4.13 Multi-page Table package (DPC)
\LTleft=\skip72
\LTright=\skip73
\LTpre=\skip74
\LTpost=\skip75
\LTchunksize=\count193
\LTcapwidth=\dimen158
\LT@head=\box50
\LT@firsthead=\box51
\LT@foot=\box52
\LT@lastfoot=\box53
\LT@cols=\count194
\LT@rows=\count195
\c@LT@tables=\count196
\c@LT@chunks=\count197
\LT@p@ftn=\toks25
)
(/usr/local/texlive/2020/texmf-dist/tex/latex/varwidth/varwidth.sty
Package: varwidth 2009/03/30 ver 0.92;  Variable-width minipages
\@vwid@box=\box54
\sift@deathcycles=\count198
\@vwid@loff=\dimen159
\@vwid@roff=\dimen160
)
(./sphinxmulticell.sty
Package: sphinxmulticell 2017/02/23 v1.6 better span rows and columns of a tabl
e (Sphinx team)
\sphinx@TY@tablewidth=\dimen161
)
(/usr/local/texlive/2020/texmf-dist/tex/latex/base/makeidx.sty
Package: makeidx 2014/09/29 v1.0m Standard LaTeX package
)
(/usr/local/texlive/2020/texmf-dist/tex/latex/framed/framed.sty
Package: framed 2011/10/22 v 0.96: framed or shaded text with page breaks
\OuterFrameSep=\skip76
\fb@frw=\dimen162
\fb@frh=\dimen163
\FrameRule=\dimen164
\FrameSep=\dimen165
)
(/usr/local/texlive/2020/texmf-dist/tex/latex/xcolor/xcolor.sty
Package: xcolor 2016/05/11 v2.12 LaTeX color extensions (UK)

(/usr/local/texlive/2020/texmf-dist/tex/latex/graphics-cfg/color.cfg
File: color.cfg 2016/01/02 v1.6 sample color configuration
)
Package xcolor Info: Driver file: pdftex.def on input line 225.
Package xcolor Info: Model `cmy' substituted by `cmy0' on input line 1348.
Package xcolor Info: Model `hsb' substituted by `rgb' on input line 1352.
Package xcolor Info: Model `RGB' extended on input line 1364.
Package xcolor Info: Model `HTML' substituted by `rgb' on input line 1366.
Package xcolor Info: Model `Hsb' substituted by `hsb' on input line 1367.
Package xcolor Info: Model `tHsb' substituted by `hsb' on input line 1368.
Package xcolor Info: Model `HSB' substituted by `hsb' on input line 1369.
Package xcolor Info: Model `Gray' substituted by `gray' on input line 1370.
Package xcolor Info: Model `wave' substituted by `hsb' on input line 1371.
)
(/usr/local/texlive/2020/texmf-dist/tex/latex/fancyvrb/fancyvrb.sty
Package: fancyvrb 2020/01/13 v3.5 verbatim text (tvz,hv)
\FV@CodeLineNo=\count199
\FV@InFile=\read3
\FV@TabBox=\box55
\c@FancyVerbLine=\count266
\FV@StepNumber=\count267
\FV@OutFile=\write3
)
(./footnotehyper-sphinx.sty
Package: footnotehyper-sphinx 2021/02/04 v1.1d hyperref aware footnote.sty for 
sphinx (JFB)
\FNH@notes=\box56
\FNH@toks=\toks26
\FNH@width=\dimen166
)
(/usr/local/texlive/2020/texmf-dist/tex/latex/float/float.sty
Package: float 2001/11/08 v1.3d Float enhancements (AL)
\c@float@type=\count268
\float@exts=\toks27
\float@box=\box57
\@float@everytoks=\toks28
\@floatcapt=\box58
)
(/usr/local/texlive/2020/texmf-dist/tex/latex/wrapfig/wrapfig.sty
\wrapoverhang=\dimen167
\WF@size=\dimen168
\c@WF@wrappedlines=\count269
\WF@box=\box59
\WF@everypar=\toks29
Package: wrapfig 2003/01/31  v 3.6
)
(/usr/local/texlive/2020/texmf-dist/tex/latex/parskip/parskip.sty
Rollback for package 'parskip' requested -> version 'v1'.
         This corresponds to the release introduced on 2001-04-09.

(/usr/local/texlive/2020/texmf-dist/tex/latex/parskip/parskip-2001-04-09.sty
Package: parskip 2001/04/09 non-zero parskip adjustments
))
(/usr/local/texlive/2020/texmf-dist/tex/latex/base/alltt.sty
Package: alltt 1997/06/16 v2.0g defines alltt environment
)
(/usr/local/texlive/2020/texmf-dist/tex/latex/upquote/upquote.sty
Package: upquote 2012/04/19 v1.3 upright-quote and grave-accent glyphs in verba
tim
)
(/usr/local/texlive/2020/texmf-dist/tex/latex/capt-of/capt-of.sty
Package: capt-of 2009/12/29 v0.2 standard captions outside of floats
)
(/usr/local/texlive/2020/texmf-dist/tex/latex/needspace/needspace.sty
Package: needspace 2010/09/12 v1.3d reserve vertical space
)
(/usr/local/texlive/2020/texmf-dist/tex/latex/tools/multicol.sty
Package: multicol 2019/12/09 v1.8y multicolumn formatting (FMi)
\c@tracingmulticols=\count270
\mult@box=\box60
\multicol@leftmargin=\dimen169
\c@unbalance=\count271
\c@collectmore=\count272
\doublecol@number=\count273
\multicoltolerance=\count274
\multicolpretolerance=\count275
\full@width=\dimen170
\page@free=\dimen171
\premulticols=\dimen172
\postmulticols=\dimen173
\multicolsep=\skip77
\multicolbaselineskip=\skip78
\partial@page=\box61
\last@line=\box62
\maxbalancingoverflow=\dimen174
\mult@rightbox=\box63
\mult@grightbox=\box64
\mult@gfirstbox=\box65
\mult@firstbox=\box66
\@tempa=\box67
\@tempa=\box68
\@tempa=\box69
\@tempa=\box70
\@tempa=\box71
\@tempa=\box72
\@tempa=\box73
\@tempa=\box74
\@tempa=\box75
\@tempa=\box76
\@tempa=\box77
\@tempa=\box78
\@tempa=\box79
\@tempa=\box80
\@tempa=\box81
\@tempa=\box82
\@tempa=\box83
\@tempa=\box84
\@tempa=\box85
\@tempa=\box86
\@tempa=\box87
\@tempa=\box88
\@tempa=\box89
\@tempa=\box90
\@tempa=\box91
\@tempa=\box92
\@tempa=\box93
\@tempa=\box94
\@tempa=\box95
\@tempa=\box96
\@tempa=\box97
\@tempa=\box98
\@tempa=\box99
\@tempa=\box100
\@tempa=\box101
\@tempa=\box102
\@tempa=\box103
\c@minrows=\count276
\c@columnbadness=\count277
\c@finalcolumnbadness=\count278
\last@try=\dimen175
\multicolovershoot=\dimen176
\multicolundershoot=\dimen177
\mult@nat@firstbox=\box104
\colbreak@box=\box105
\mc@col@check@num=\count279
)
(./sphinxhighlight.sty
Package: sphinxhighlight 2016/05/29 stylesheet for highlighting with pygments
)
(/usr/local/texlive/2020/texmf-dist/tex/latex/kvoptions/kvoptions.sty
Package: kvoptions 2019/11/29 v3.13 Key value format for package options (HO)

(/usr/local/texlive/2020/texmf-dist/tex/generic/kvsetkeys/kvsetkeys.sty
Package: kvsetkeys 2019/12/15 v1.18 Key value parser (HO)
))
\sphinxverbatimsep=\dimen178
\sphinxverbatimborder=\dimen179
\sphinxshadowsep=\dimen180
\sphinxshadowsize=\dimen181
\sphinxshadowrule=\dimen182
\spx@notice@border=\dimen183
\spx@image@maxheight=\dimen184
\spx@image@box=\box106
\c@sphinxscope=\count280
\c@sphinxexplicit=\count281
\sphinxcontinuationbox=\box107
\sphinxvisiblespacebox=\box108
\sphinxVerbatim@TitleBox=\box109
\sphinxVerbatim@ContentsBox=\box110
\spx@scratchbox=\box111
\py@argswidth=\skip79
\lineblockindentation=\skip80
\DUlineblockindent=\skip81
)
(/usr/local/texlive/2020/texmf-dist/tex/latex/geometry/geometry.sty
Package: geometry 2020/01/02 v5.9 Page Geometry

(/usr/local/texlive/2020/texmf-dist/tex/generic/iftex/ifvtex.sty
Package: ifvtex 2019/10/25 v1.7 ifvtex legacy package. Use iftex instead.

(/usr/local/texlive/2020/texmf-dist/tex/generic/iftex/iftex.sty
Package: iftex 2020/03/06 v1.0d TeX engine tests
))
\Gm@cnth=\count282
\Gm@cntv=\count283
\c@Gm@tempcnt=\count284
\Gm@bindingoffset=\dimen185
\Gm@wd@mp=\dimen186
\Gm@odd@mp=\dimen187
\Gm@even@mp=\dimen188
\Gm@layoutwidth=\dimen189
\Gm@layoutheight=\dimen190
\Gm@layouthoffset=\dimen191
\Gm@layoutvoffset=\dimen192
\Gm@dimlist=\toks30
)
(/usr/local/texlive/2020/texmf-dist/tex/latex/hyperref/hyperref.sty
Package: hyperref 2020/01/14 v7.00d Hypertext links for LaTeX

(/usr/local/texlive/2020/texmf-dist/tex/latex/pdftexcmds/pdftexcmds.sty
Package: pdftexcmds 2019/11/24 v0.31 Utility functions of pdfTeX for LuaTeX (HO
)

(/usr/local/texlive/2020/texmf-dist/tex/generic/infwarerr/infwarerr.sty
Package: infwarerr 2019/12/03 v1.5 Providing info/warning/error messages (HO)
)
Package pdftexcmds Info: \pdf@primitive is available.
Package pdftexcmds Info: \pdf@ifprimitive is available.
Package pdftexcmds Info: \pdfdraftmode found.
)
(/usr/local/texlive/2020/texmf-dist/tex/generic/kvdefinekeys/kvdefinekeys.sty
Package: kvdefinekeys 2019-12-19 v1.6 Define keys (HO)
)
(/usr/local/texlive/2020/texmf-dist/tex/generic/pdfescape/pdfescape.sty
Package: pdfescape 2019/12/09 v1.15 Implements pdfTeX's escape features (HO)
)
(/usr/local/texlive/2020/texmf-dist/tex/latex/hycolor/hycolor.sty
Package: hycolor 2020-01-27 v1.10 Color options for hyperref/bookmark (HO)
)
(/usr/local/texlive/2020/texmf-dist/tex/latex/letltxmacro/letltxmacro.sty
Package: letltxmacro 2019/12/03 v1.6 Let assignment for LaTeX macros (HO)
)
(/usr/local/texlive/2020/texmf-dist/tex/latex/auxhook/auxhook.sty
Package: auxhook 2019-12-17 v1.6 Hooks for auxiliary files (HO)
)
\@linkdim=\dimen193
\Hy@linkcounter=\count285
\Hy@pagecounter=\count286

(/usr/local/texlive/2020/texmf-dist/tex/latex/hyperref/pd1enc.def
File: pd1enc.def 2020/01/14 v7.00d Hyperref: PDFDocEncoding definition (HO)
Now handling font encoding PD1 ...
... no UTF-8 mapping file for font encoding PD1
)
(/usr/local/texlive/2020/texmf-dist/tex/generic/intcalc/intcalc.sty
Package: intcalc 2019/12/15 v1.3 Expandable calculations with integers (HO)
)
(/usr/local/texlive/2020/texmf-dist/tex/generic/etexcmds/etexcmds.sty
Package: etexcmds 2019/12/15 v1.7 Avoid name clashes with e-TeX commands (HO)
)
\Hy@SavedSpaceFactor=\count287
Package hyperref Info: Option `unicode' set `true' on input line 4421.

(/usr/local/texlive/2020/texmf-dist/tex/latex/hyperref/puenc.def
File: puenc.def 2020/01/14 v7.00d Hyperref: PDF Unicode definition (HO)
Now handling font encoding PU ...
... no UTF-8 mapping file for font encoding PU
)
Package hyperref Info: Option `colorlinks' set `true' on input line 4421.
Package hyperref Info: Option `breaklinks' set `true' on input line 4421.
Package hyperref Info: Hyper figures OFF on input line 4547.
Package hyperref Info: Link nesting OFF on input line 4552.
Package hyperref Info: Hyper index ON on input line 4555.
Package hyperref Info: Plain pages OFF on input line 4562.
Package hyperref Info: Backreferencing OFF on input line 4567.
Package hyperref Info: Implicit mode ON; LaTeX internals redefined.
Package hyperref Info: Bookmarks ON on input line 4800.
\c@Hy@tempcnt=\count288

(/usr/local/texlive/2020/texmf-dist/tex/latex/url/url.sty
\Urlmuskip=\muskip17
Package: url 2013/09/16  ver 3.4  Verb mode for urls, etc.
)
LaTeX Info: Redefining \url on input line 5159.
\XeTeXLinkMargin=\dimen194

(/usr/local/texlive/2020/texmf-dist/tex/generic/bitset/bitset.sty
Package: bitset 2019/12/09 v1.3 Handle bit-vector datatype (HO)

(/usr/local/texlive/2020/texmf-dist/tex/generic/bigintcalc/bigintcalc.sty
Package: bigintcalc 2019/12/15 v1.5 Expandable calculations on big integers (HO
)
))
\Fld@menulength=\count289
\Field@Width=\dimen195
\Fld@charsize=\dimen196
Package hyperref Info: Hyper figures OFF on input line 6430.
Package hyperref Info: Link nesting OFF on input line 6435.
Package hyperref Info: Hyper index ON on input line 6438.
Package hyperref Info: backreferencing OFF on input line 6445.
Package hyperref Info: Link coloring ON on input line 6448.
Package hyperref Info: Link coloring with OCG OFF on input line 6455.
Package hyperref Info: PDF/A mode OFF on input line 6460.
LaTeX Info: Redefining \ref on input line 6500.
LaTeX Info: Redefining \pageref on input line 6504.

(/usr/local/texlive/2020/texmf-dist/tex/generic/atbegshi/atbegshi.sty
Package: atbegshi 2019/12/05 v1.19 At begin shipout hook (HO)
)
\Hy@abspage=\count290
\c@Item=\count291
\c@Hfootnote=\count292
)
Package hyperref Info: Driver (autodetected): hpdftex.

(/usr/local/texlive/2020/texmf-dist/tex/latex/hyperref/hpdftex.def
File: hpdftex.def 2020/01/14 v7.00d Hyperref driver for pdfTeX

(/usr/local/texlive/2020/texmf-dist/tex/latex/atveryend/atveryend.sty
Package: atveryend 2019-12-11 v1.11 Hooks at the very end of document (HO)
Package atveryend Info: \enddocument detected (standard20110627).
)
\Fld@listcount=\count293
\c@bookmark@seq@number=\count294

(/usr/local/texlive/2020/texmf-dist/tex/latex/rerunfilecheck/rerunfilecheck.sty
Package: rerunfilecheck 2019/12/05 v1.9 Rerun checks for auxiliary files (HO)

(/usr/local/texlive/2020/texmf-dist/tex/generic/uniquecounter/uniquecounter.sty
Package: uniquecounter 2019/12/15 v1.4 Provide unlimited unique counter (HO)
)
Package uniquecounter Info: New unique counter `rerunfilecheck' on input line 2
86.
)
\Hy@SectionHShift=\skip82
) (/usr/local/texlive/2020/texmf-dist/tex/latex/oberdiek/hypcap.sty
Package: hypcap 2016/05/16 v1.12 Adjusting the anchors of captions (HO)
)
(./sphinxmessages.sty
Package: sphinxmessages 2019/01/04 v2.0 Localized LaTeX macros (Sphinx team)
)
\@indexfile=\write4
\openout4 = `project_documentation.idx'.


Writing index file project_documentation.idx
(/usr/local/texlive/2020/texmf-dist/tex/latex/l3backend/l3backend-pdfmode.def
File: l3backend-pdfmode.def 2020-03-12 L3 backend support: PDF mode
\l__kernel_color_stack_int=\count295
\l__pdf_internal_box=\box112
)
(./project_documentation.aux)
\openout1 = `project_documentation.aux'.

LaTeX Font Info:    Checking defaults for OML/cmm/m/it on input line 82.
LaTeX Font Info:    ... okay on input line 82.
LaTeX Font Info:    Checking defaults for OMS/cmsy/m/n on input line 82.
LaTeX Font Info:    ... okay on input line 82.
LaTeX Font Info:    Checking defaults for OT1/cmr/m/n on input line 82.
LaTeX Font Info:    ... okay on input line 82.
LaTeX Font Info:    Checking defaults for T1/cmr/m/n on input line 82.
LaTeX Font Info:    ... okay on input line 82.
LaTeX Font Info:    Checking defaults for TS1/cmr/m/n on input line 82.
LaTeX Font Info:    ... okay on input line 82.
LaTeX Font Info:    Checking defaults for OMX/cmex/m/n on input line 82.
LaTeX Font Info:    ... okay on input line 82.
LaTeX Font Info:    Checking defaults for U/cmr/m/n on input line 82.
LaTeX Font Info:    ... okay on input line 82.
LaTeX Font Info:    Checking defaults for PD1/pdf/m/n on input line 82.
LaTeX Font Info:    ... okay on input line 82.
LaTeX Font Info:    Checking defaults for PU/pdf/m/n on input line 82.
LaTeX Font Info:    ... okay on input line 82.
LaTeX Font Info:    Trying to load font information for T1+ptm on input line 82
.

(/usr/local/texlive/2020/texmf-dist/tex/latex/psnfss/t1ptm.fd
File: t1ptm.fd 2001/06/04 font definitions for T1/ptm.
)
(/usr/local/texlive/2020/texmf-dist/tex/context/base/mkii/supp-pdf.mkii
[Loading MPS to PDF converter (version 2006.09.02).]
\scratchcounter=\count296
\scratchdimen=\dimen197
\scratchbox=\box113
\nofMPsegments=\count297
\nofMParguments=\count298
\everyMPshowfont=\toks31
\MPscratchCnt=\count299
\MPscratchDim=\dimen198
\MPnumerator=\count300
\makeMPintoPDFobject=\count301
\everyMPtoPDFconversion=\toks32
) (/usr/local/texlive/2020/texmf-dist/tex/latex/epstopdf-pkg/epstopdf-base.sty
Package: epstopdf-base 2020-01-24 v2.11 Base part for package epstopdf
Package epstopdf-base Info: Redefining graphics rule for `.eps' on input line 4
85.

(/usr/local/texlive/2020/texmf-dist/tex/latex/latexconfig/epstopdf-sys.cfg
File: epstopdf-sys.cfg 2010/07/13 v1.3 Configuration of (r)epstopdf for TeX Liv
e
))
\c@literalblock=\count302

*geometry* driver: auto-detecting
*geometry* detected driver: pdftex
*geometry* verbose mode - [ preamble ] result:
* driver: pdftex
* paper: a4paper
* layout: <same size as paper>
* layoutoffset:(h,v)=(0.0pt,0.0pt)
* modes: twoside 
* h-part:(L,W,R)=(72.26999pt, 452.9679pt, 72.26999pt)
* v-part:(T,H,B)=(72.26999pt, 700.50687pt, 72.26999pt)
* \paperwidth=597.50787pt
* \paperheight=845.04684pt
* \textwidth=452.9679pt
* \textheight=700.50687pt
* \oddsidemargin=0.0pt
* \evensidemargin=0.0pt
* \topmargin=-37.0pt
* \headheight=12.0pt
* \headsep=25.0pt
* \topskip=11.0pt
* \footskip=30.0pt
* \marginparwidth=36.135pt
* \marginparsep=10.0pt
* \columnsep=10.0pt
* \skip\footins=10.0pt plus 4.0pt minus 2.0pt
* \hoffset=0.0pt
* \voffset=0.0pt
* \mag=1000
* \@twocolumnfalse
* \@twosidetrue
* \@mparswitchtrue
* \@reversemarginfalse
* (1in=72.27pt=25.4mm, 1cm=28.453pt)

\AtBeginShipoutBox=\box114
Package hyperref Info: Link coloring ON on input line 82.
(/usr/local/texlive/2020/texmf-dist/tex/latex/hyperref/nameref.sty
Package: nameref 2019/09/16 v2.46 Cross-referencing by name of section

(/usr/local/texlive/2020/texmf-dist/tex/latex/refcount/refcount.sty
Package: refcount 2019/12/15 v3.6 Data extraction from label references (HO)
)
(/usr/local/texlive/2020/texmf-dist/tex/generic/gettitlestring/gettitlestring.s
ty
Package: gettitlestring 2019/12/15 v1.6 Cleanup title references (HO)
)
\c@section@level=\count303
)
LaTeX Info: Redefining \ref on input line 82.
LaTeX Info: Redefining \pageref on input line 82.
LaTeX Info: Redefining \nameref on input line 82.
 (./project_documentation.out) (./project_documentation.out)
\@outlinefile=\write5
\openout5 = `project_documentation.out'.

Package hyperref Info: Option `pageanchor' set `false' on input line 85.
LaTeX Font Info:    Trying to load font information for T1+phv on input line 85
.

(/usr/local/texlive/2020/texmf-dist/tex/latex/psnfss/t1phv.fd
File: t1phv.fd 2001/06/04 scalable font definitions for T1/phv.


LaTeX Warning: Font shape declaration has incorrect series value `mc'.
               It should not contain an `m'! Please correct it.
               Found on input line 20.


LaTeX Warning: Font shape declaration has incorrect series value `mc'.
               It should not contain an `m'! Please correct it.
               Found on input line 23.


LaTeX Warning: Font shape declaration has incorrect series value `mc'.
               It should not contain an `m'! Please correct it.
               Found on input line 26.


LaTeX Warning: Font shape declaration has incorrect series value `mc'.
               It should not contain an `m'! Please correct it.
               Found on input line 46.

)
LaTeX Font Info:    Font shape `T1/phv/b/it' in size <10.95> not available
(Font)              Font shape `T1/phv/b/sl' tried instead on input line 85.
LaTeX Font Info:    Font shape `T1/phv/b/it' in size <17.28> not available
(Font)              Font shape `T1/phv/b/sl' tried instead on input line 85.
<<ot1.cmap>><<oml.cmap>><<oms.cmap>><<omx.cmap>>
LaTeX Font Info:    Trying to load font information for U+msa on input line 85.


(/usr/local/texlive/2020/texmf-dist/tex/latex/amsfonts/umsa.fd
File: umsa.fd 2013/01/14 v3.01 AMS symbols A
)
LaTeX Font Info:    Trying to load font information for U+msb on input line 85.


(/usr/local/texlive/2020/texmf-dist/tex/latex/amsfonts/umsb.fd
File: umsb.fd 2013/01/14 v3.01 AMS symbols B
) [1

{/usr/local/texlive/2020/texmf-var/fonts/map/pdftex/updmap/pdftex.map}] [2


]
(./project_documentation.toc
LaTeX Font Info:    Trying to load font information for T1+pcr on input line 21
.

(/usr/local/texlive/2020/texmf-dist/tex/latex/psnfss/t1pcr.fd
File: t1pcr.fd 2001/06/04 font definitions for T1/pcr.
))
\tf@toc=\write6
\openout6 = `project_documentation.toc'.

 [1

] [2

]
Chapter 1.
LaTeX Font Info:    Trying to load font information for TS1+ptm on input line 1
32.
(/usr/local/texlive/2020/texmf-dist/tex/latex/psnfss/ts1ptm.fd
File: ts1ptm.fd 2001/06/04 font definitions for TS1/ptm.
) [1

]

Package Fancyhdr Warning: \headheight is too small (12.0pt): 
Make it at least 13.59999pt.
We now make it that large for the rest of the document.
This may cause the page layout to be inconsistent, however.

[2]
Chapter 2.
[3

] [4

]
Chapter 3.
[5] [6

]
Chapter 4.
[7] [8] [9]
Overfull \hbox (23.42224pt too wide) in paragraph at lines 615--615
[]\T1/ptm/m/it/10.95 T\T1/ptm/m/n/10.95 ,
 []


Overfull \hbox (24.63768pt too wide) in paragraph at lines 615--615
\T1/ptm/m/it/10.95 N\T1/ptm/m/n/10.95 ,
 []


Overfull \hbox (22.80911pt too wide) in paragraph at lines 615--615
\T1/ptm/m/it/10.95 *\T1/ptm/m/n/10.95 ,
 []


Overfull \hbox (41.66481pt too wide) in paragraph at lines 615--615
\T1/ptm/m/it/10.95 beta1\T1/ptm/m/n/10.95 ,
 []


Overfull \hbox (41.66481pt too wide) in paragraph at lines 615--615
\T1/ptm/m/it/10.95 beta2\T1/ptm/m/n/10.95 ,
 []


Overfull \hbox (30.71497pt too wide) in paragraph at lines 615--615
\T1/ptm/m/it/10.95 mu\T1/ptm/m/n/10.95 ,
 []


Overfull \hbox (49.5708pt too wide) in paragraph at lines 615--615
\T1/ptm/m/it/10.95 gamma\T1/ptm/m/n/10.95 ,
 []


Overfull \hbox (39.23381pt too wide) in paragraph at lines 615--615
\T1/ptm/m/it/10.95 delta\T1/ptm/m/n/10.95 ,
 []


Overfull \hbox (44.28189pt too wide) in paragraph at lines 615--615
\T1/ptm/m/it/10.95 **kw\T1/pcr/m/n/10.95 ) 
 []

[10]
Overfull \hbox (69.41219pt too wide) in paragraph at lines 703--703
[]\T1/ptm/m/it/10.95 T\T1/ptm/m/n/10.95 ,
 []


Overfull \hbox (70.62762pt too wide) in paragraph at lines 703--703
\T1/ptm/m/it/10.95 N\T1/ptm/m/n/10.95 ,
 []


Overfull \hbox (68.79906pt too wide) in paragraph at lines 703--703
\T1/ptm/m/it/10.95 *\T1/ptm/m/n/10.95 ,
 []


Overfull \hbox (87.65475pt too wide) in paragraph at lines 703--703
\T1/ptm/m/it/10.95 beta1\T1/ptm/m/n/10.95 ,
 []


Overfull \hbox (87.65475pt too wide) in paragraph at lines 703--703
\T1/ptm/m/it/10.95 beta2\T1/ptm/m/n/10.95 ,
 []


Overfull \hbox (76.70491pt too wide) in paragraph at lines 703--703
\T1/ptm/m/it/10.95 mu\T1/ptm/m/n/10.95 ,
 []


Overfull \hbox (95.56075pt too wide) in paragraph at lines 703--703
\T1/ptm/m/it/10.95 gamma\T1/ptm/m/n/10.95 ,
 []


Overfull \hbox (85.22375pt too wide) in paragraph at lines 703--703
\T1/ptm/m/it/10.95 delta\T1/ptm/m/n/10.95 ,
 []


Overfull \hbox (90.27184pt too wide) in paragraph at lines 703--703
\T1/ptm/m/it/10.95 **kw\T1/pcr/m/n/10.95 ) 
 []

[11] [12]
Underfull \hbox (badness 10000) in paragraph at lines 906--910
[]\T1/ptm/m/n/10.95 [DataFrame] Columns are T, N, sim, beta_interactive, beta_w
ithin,
 []

[13]
Underfull \hbox (badness 10000) in paragraph at lines 985--990
\T1/ptm/m/n/10.95 Task for es-ti-mat-ing fac-tor num-bers in the model de-fined
 by the func-tion
 []

[14]
Chapter 5.
[15

] [16

]
Chapter 6.
[17] [18]
Chapter 7.
[19

] [20

]
Chapter 8.
[21] [22

]
Chapter 9.
[23] [24

]
Overfull \hbox (44.05322pt too wide) in paragraph at lines 1300--1301
[]\T1/pcr/m/n/10.95 src.analysis.task_simulation_coefficient\T1/ptm/m/n/10.95 ,

 []


Overfull \hbox (11.20326pt too wide) in paragraph at lines 1301--1302
[]\T1/pcr/m/n/10.95 src.analysis.task_simulation_factor\T1/ptm/m/n/10.95 ,
 []


Overfull \hbox (44.05322pt too wide) in paragraph at lines 1302--1303
[]\T1/pcr/m/n/10.95 src.analysis.task_statistics_coefficient\T1/ptm/m/n/10.95 ,

 []


Overfull \hbox (37.48323pt too wide) in paragraph at lines 1305--1306
[]\T1/pcr/m/n/10.95 src.data_management.task_get_cigar_data\T1/ptm/m/n/10.95 ,
 []


Overfull \hbox (4.63327pt too wide) in paragraph at lines 1308--1309
[]\T1/pcr/m/n/10.95 src.final.task_figures_coefficient\T1/ptm/m/n/10.95 ,
 []


Overfull \hbox (17.77325pt too wide) in paragraph at lines 1309--1310
[]\T1/pcr/m/n/10.95 src.final.task_figures_tables_factor\T1/ptm/m/n/10.95 ,
 []


Underfull \hbox (badness 10000) in paragraph at lines 1310--1311
[]\T1/pcr/m/n/10.95 src.final.task_tables_coefficient\T1/ptm/m/n/10.95 ,
 []


Overfull \hbox (37.48323pt too wide) in paragraph at lines 1313--1314
[]\T1/pcr/m/n/10.95 src.model_code.interactive_fixed_effect\T1/ptm/m/n/10.95 ,
 []

[25


] (./project_documentation.ind [26


]
Underfull \hbox (badness 10000) in paragraph at lines 8--9
[]\T1/pcr/m/n/10.95 caculate_rmse() \T1/ptm/m/n/10.95 (\T1/ptm/m/it/10.95 in mo
d-ule
 []


Underfull \hbox (badness 10000) in paragraph at lines 9--10
[]\T1/pcr/m/n/10.95 caculate_sde() \T1/ptm/m/n/10.95 (\T1/ptm/m/it/10.95 in mod
-ule
 []


Underfull \hbox (badness 10000) in paragraph at lines 10--11
[]\T1/pcr/m/n/10.95 calculate_sde() \T1/ptm/m/n/10.95 (\T1/ptm/m/it/10.95 In-te
r-ac-tive-Fixed-Ef-fect
 []


Overfull \hbox (1.89578pt too wide) in paragraph at lines 14--16
[]\T1/pcr/m/n/10.95 dgp_additive_fixed_effects_model()
 []


Underfull \hbox (badness 10000) in paragraph at lines 14--16
\T1/ptm/m/n/10.95 (\T1/ptm/m/it/10.95 in mod-ule
 []


Overfull \hbox (47.88573pt too wide) in paragraph at lines 16--18
[]\T1/pcr/m/n/10.95 dgp_additive_fixed_effects_model_no_iid()
 []


Underfull \hbox (badness 10000) in paragraph at lines 16--18
\T1/ptm/m/n/10.95 (\T1/ptm/m/it/10.95 in mod-ule
 []


Overfull \hbox (21.60576pt too wide) in paragraph at lines 18--20
[]\T1/pcr/m/n/10.95 dgp_interactive_fixed_effects_model()
 []


Underfull \hbox (badness 10000) in paragraph at lines 18--20
\T1/ptm/m/n/10.95 (\T1/ptm/m/it/10.95 in mod-ule
 []


Overfull \hbox (67.5957pt too wide) in paragraph at lines 20--22
[]\T1/pcr/m/n/10.95 dgp_interactive_fixed_effects_model_no_iid()
 []


Underfull \hbox (badness 10000) in paragraph at lines 20--22
\T1/ptm/m/n/10.95 (\T1/ptm/m/it/10.95 in mod-ule
 []


Overfull \hbox (225.27551pt too wide) in paragraph at lines 22--24
[]\T1/pcr/m/n/10.95 dgp_interactive_fixed_effects_model_with_common_and_time_in
variant()
 []


Underfull \hbox (badness 10000) in paragraph at lines 22--24
\T1/ptm/m/n/10.95 (\T1/ptm/m/it/10.95 in mod-ule
 []


Overfull \hbox (271.26546pt too wide) in paragraph at lines 24--26
[]\T1/pcr/m/n/10.95 dgp_interactive_fixed_effects_model_with_common_and_time_in
variant_no_iid()
 []


Underfull \hbox (badness 10000) in paragraph at lines 24--26
\T1/ptm/m/n/10.95 (\T1/ptm/m/it/10.95 in mod-ule
 []


Overfull \hbox (41.31573pt too wide) in paragraph at lines 28--30
[]\T1/pcr/m/n/10.95 dgp_time_invariant_fixed_effects_model()
 []


Underfull \hbox (badness 10000) in paragraph at lines 28--30
\T1/ptm/m/n/10.95 (\T1/ptm/m/it/10.95 in mod-ule
 []


Underfull \hbox (badness 10000) in paragraph at lines 37--39
[]\T1/pcr/m/n/10.95 InteractiveFixedEffect \T1/ptm/m/n/10.95 (\T1/ptm/m/it/10.9
5 class in
 []


Underfull \hbox (badness 10000) in paragraph at lines 37--39
\T1/ptm/m/it/10.95 src.model_code.interactive_fixed_effect\T1/ptm/m/n/10.95 ),
 []


Overfull \hbox (64.05322pt too wide) in paragraph at lines 45--46
[]| \T1/pcr/m/n/10.95 src.analysis.task_simulation_coefficient\T1/ptm/m/n/10.95
 ,
 []


Overfull \hbox (31.20326pt too wide) in paragraph at lines 46--47
[]| \T1/pcr/m/n/10.95 src.analysis.task_simulation_factor\T1/ptm/m/n/10.95 ,
 []


Overfull \hbox (64.05322pt too wide) in paragraph at lines 47--48
[]| \T1/pcr/m/n/10.95 src.analysis.task_statistics_coefficient\T1/ptm/m/n/10.95
 ,
 []


Overfull \hbox (57.48323pt too wide) in paragraph at lines 48--49
[]| \T1/pcr/m/n/10.95 src.data_management.task_get_cigar_data\T1/ptm/m/n/10.95 
,
 []


Overfull \hbox (24.63327pt too wide) in paragraph at lines 49--50
[]| \T1/pcr/m/n/10.95 src.final.task_figures_coefficient\T1/ptm/m/n/10.95 ,
 []


Overfull \hbox (37.77325pt too wide) in paragraph at lines 50--51
[]| \T1/pcr/m/n/10.95 src.final.task_figures_tables_factor\T1/ptm/m/n/10.95 ,
 []


Overfull \hbox (18.06328pt too wide) in paragraph at lines 51--52
[]| \T1/pcr/m/n/10.95 src.final.task_tables_coefficient\T1/ptm/m/n/10.95 ,
 []


Overfull \hbox (57.48323pt too wide) in paragraph at lines 52--53
[]| \T1/pcr/m/n/10.95 src.model_code.interactive_fixed_effect\T1/ptm/m/n/10.95 
,
 []


Underfull \hbox (badness 10000) in paragraph at lines 63--64
[]\T1/pcr/m/n/10.95 reduce_concat() \T1/ptm/m/n/10.95 (\T1/ptm/m/it/10.95 in mo
d-ule
 []


Underfull \hbox (badness 7613) in paragraph at lines 67--69
[]\T1/pcr/m/n/10.95 simulation_coefficient() \T1/ptm/m/n/10.95 (\T1/ptm/m/it/10
.95 in mod-ule
 []


Overfull \hbox (41.31573pt too wide) in paragraph at lines 73--74
[]\T1/pcr/m/n/10.95 src.analysis.task_simulation_coefficient 
 []


Overfull \hbox (8.46577pt too wide) in paragraph at lines 75--76
[]\T1/pcr/m/n/10.95 src.analysis.task_simulation_factor 
 []


Overfull \hbox (41.31573pt too wide) in paragraph at lines 77--78
[]\T1/pcr/m/n/10.95 src.analysis.task_statistics_coefficient 
 []

[27

]
Overfull \hbox (34.74574pt too wide) in paragraph at lines 79--80
[]\T1/pcr/m/n/10.95 src.data_management.task_get_cigar_data 
 []


Overfull \hbox (1.89578pt too wide) in paragraph at lines 81--82
[]\T1/pcr/m/n/10.95 src.final.task_figures_coefficient 
 []


Overfull \hbox (15.03577pt too wide) in paragraph at lines 83--84
[]\T1/pcr/m/n/10.95 src.final.task_figures_tables_factor 
 []


Overfull \hbox (34.74574pt too wide) in paragraph at lines 87--88
[]\T1/pcr/m/n/10.95 src.model_code.interactive_fixed_effect 
 []


Underfull \hbox (badness 7613) in paragraph at lines 93--95
[]\T1/pcr/m/n/10.95 statistics_coefficient() \T1/ptm/m/n/10.95 (\T1/ptm/m/it/10
.95 in mod-ule
 []


Overfull \hbox (133.29562pt too wide) in paragraph at lines 99--101
[]\T1/pcr/m/n/10.95 task_factor_estimate_interactive_fixed_effects_model()
 []


Underfull \hbox (badness 10000) in paragraph at lines 99--101
\T1/ptm/m/n/10.95 (\T1/ptm/m/it/10.95 in mod-ule
 []


Underfull \hbox (badness 10000) in paragraph at lines 99--101
\T1/ptm/m/it/10.95 src.analysis.task_simulation_factor\T1/ptm/m/n/10.95 ),
 []


Overfull \hbox (54.45572pt too wide) in paragraph at lines 101--103
[]\T1/pcr/m/n/10.95 task_factor_estimate_random_iid_residual()
 []


Underfull \hbox (badness 10000) in paragraph at lines 101--103
\T1/ptm/m/n/10.95 (\T1/ptm/m/it/10.95 in mod-ule
 []


Underfull \hbox (badness 10000) in paragraph at lines 101--103
\T1/ptm/m/it/10.95 src.analysis.task_simulation_factor\T1/ptm/m/n/10.95 ),
 []


Overfull \hbox (41.31573pt too wide) in paragraph at lines 103--105
[]\T1/pcr/m/n/10.95 task_simulation_and_statistics_range_r()
 []


Underfull \hbox (badness 10000) in paragraph at lines 103--105
\T1/ptm/m/n/10.95 (\T1/ptm/m/it/10.95 in mod-ule
 []


Underfull \hbox (badness 10000) in paragraph at lines 103--105
\T1/ptm/m/it/10.95 src.analysis.task_simulation_factor\T1/ptm/m/n/10.95 ),
 []

[28

])
Package atveryend Info: Empty hook `BeforeClearDocument' on input line 1320.
Package atveryend Info: Empty hook `AfterLastShipout' on input line 1320.
 (./project_documentation.aux)
Package atveryend Info: Executing hook `AtVeryEndDocument' on input line 1320.
Package atveryend Info: Executing hook `AtEndAfterFileList' on input line 1320.

Package rerunfilecheck Info: File `project_documentation.out' has not changed.
(rerunfilecheck)             Checksum: 00B415ED5F1D562C3A94B8D1FE26512A;4665.
Package atveryend Info: Empty hook `AtVeryVeryEnd' on input line 1320.
 ) 
Here is how much of TeX's memory you used:
 13852 strings out of 480608
 199018 string characters out of 5903630
 482823 words of memory out of 5000000
 29288 multiletter control sequences out of 15000+600000
 584746 words of font info for 100 fonts, out of 8000000 for 9000
 1142 hyphenation exceptions out of 8191
 38i,19n,49p,872b,494s stack positions out of 5000i,500n,10000p,200000b,80000s
{/usr/local/texlive/2020/texmf-dist/fonts/enc/dvips/base/8r.enc}</usr/local/t
exlive/2020/texmf-dist/fonts/type1/public/amsfonts/cm/cmex10.pfb></usr/local/te
xlive/2020/texmf-dist/fonts/type1/public/amsfonts/cm/cmmi10.pfb></usr/local/tex
live/2020/texmf-dist/fonts/type1/public/amsfonts/cm/cmmi8.pfb></usr/local/texli
ve/2020/texmf-dist/fonts/type1/public/amsfonts/cm/cmr10.pfb></usr/local/texlive
/2020/texmf-dist/fonts/type1/public/amsfonts/cm/cmr8.pfb></usr/local/texlive/20
20/texmf-dist/fonts/type1/public/amsfonts/cm/cmsy10.pfb></usr/local/texlive/202
0/texmf-dist/fonts/type1/public/amsfonts/cm/cmsy8.pfb></usr/local/texlive/2020/
texmf-dist/fonts/type1/urw/courier/ucrb8a.pfb></usr/local/texlive/2020/texmf-di
st/fonts/type1/urw/courier/ucrr8a.pfb></usr/local/texlive/2020/texmf-dist/fonts
/type1/urw/helvetic/uhvb8a.pfb></usr/local/texlive/2020/texmf-dist/fonts/type1/
urw/helvetic/uhvr8a.pfb></usr/local/texlive/2020/texmf-dist/fonts/type1/urw/tim
es/utmb8a.pfb></usr/local/texlive/2020/texmf-dist/fonts/type1/urw/times/utmr8a.
pfb></usr/local/texlive/2020/texmf-dist/fonts/type1/urw/times/utmri8a.pfb>
Output written on project_documentation.pdf (32 pages, 193409 bytes).
PDF statistics:
 476 PDF objects out of 1000 (max. 8388607)
 418 compressed objects within 5 object streams
 105 named destinations out of 1000 (max. 500000)
 237 words of extra memory for PDF output out of 10000 (max. 10000000)

